\BOOKMARK [0][-]{Doc-Start}{\376\377\000D\000i\000s\000c\000l\000a\000i\000m\000e\000r}{}% 1
\BOOKMARK [0][-]{table.caption.1}{\376\377\000D\000e\000d\000i\000c\000a\000t\000i\000o\000n}{}% 2
\BOOKMARK [0][-]{table.caption.1}{\376\377\000A\000c\000k\000n\000o\000w\000l\000e\000d\000g\000e\000m\000e\000n\000t\000s}{}% 3
\BOOKMARK [0][-]{table.caption.1}{\376\377\000T\000a\000b\000l\000e\000\040\000o\000f\000\040\000C\000o\000n\000t\000e\000n\000t\000s}{}% 4
\BOOKMARK [0][-]{table.caption.1}{\376\377\000L\000i\000s\000t\000\040\000o\000f\000\040\000T\000a\000b\000l\000e\000s}{}% 5
\BOOKMARK [0][-]{table.caption.1}{\376\377\000L\000i\000s\000t\000\040\000o\000f\000\040\000F\000i\000g\000u\000r\000e\000s}{}% 6
\BOOKMARK [0][-]{table.caption.1}{\376\377\000L\000i\000s\000t\000\040\000o\000f\000\040\000S\000y\000m\000b\000o\000l\000s\000\040\000a\000n\000d\000\040\000A\000b\000b\000r\000e\000v\000i\000a\000t\000i\000o\000n\000s}{}% 7
\BOOKMARK [0][-]{table.0.1}{\376\377\000L\000i\000s\000t\000\040\000o\000f\000\040\000P\000u\000b\000l\000i\000c\000a\000t\000i\000o\000n\000s}{}% 8
\BOOKMARK [0][-]{Item.1}{\376\377\000A\000b\000s\000t\000r\000a\000c\000t}{}% 9
\BOOKMARK [0][-]{chapter.1}{\376\377\000I\000n\000t\000r\000o\000d\000u\000c\000t\000i\000o\000n}{}% 10
\BOOKMARK [1][-]{section.1.1}{\376\377\000T\000h\000e\000\040\000P\000r\000o\000b\000l\000e\000m\000\040\000w\000i\000t\000h\000\040\000A\000r\000a\000b\000i\000c\000\040\000O\000C\000R}{chapter.1}% 11
\BOOKMARK [1][-]{section.1.2}{\376\377\000T\000h\000e\000\040\000O\000p\000e\000n\000-\000S\000o\000u\000r\000c\000e\000\040\000v\000s\000.\000\040\000C\000l\000o\000s\000e\000d\000-\000S\000o\000u\000r\000c\000e\000\040\000G\000a\000p}{chapter.1}% 12
\BOOKMARK [1][-]{section.1.3}{\376\377\000P\000o\000s\000t\000-\000O\000C\000R\000\040\000C\000o\000r\000r\000e\000c\000t\000i\000o\000n\000\040\000a\000s\000\040\000a\000\040\000T\000e\000x\000t\000-\000t\000o\000-\000T\000e\000x\000t\000\040\000T\000a\000s\000k}{chapter.1}% 13
\BOOKMARK [1][-]{section.1.4}{\376\377\000M\000o\000t\000i\000v\000a\000t\000i\000o\000n\000\040\000f\000o\000r\000\040\000a\000\040\000K\000n\000o\000w\000l\000e\000d\000g\000e\000-\000A\000u\000g\000m\000e\000n\000t\000e\000d\000\040\000A\000p\000p\000r\000o\000a\000c\000h}{chapter.1}% 14
\BOOKMARK [1][-]{section.1.5}{\376\377\000R\000e\000s\000e\000a\000r\000c\000h\000\040\000Q\000u\000e\000s\000t\000i\000o\000n\000s}{chapter.1}% 15
\BOOKMARK [1][-]{section.1.6}{\376\377\000C\000o\000n\000t\000r\000i\000b\000u\000t\000i\000o\000n\000s}{chapter.1}% 16
\BOOKMARK [1][-]{section.1.7}{\376\377\000S\000c\000o\000p\000e\000\040\000a\000n\000d\000\040\000B\000o\000u\000n\000d\000a\000r\000i\000e\000s}{chapter.1}% 17
\BOOKMARK [1][-]{section.1.8}{\376\377\000T\000h\000e\000s\000i\000s\000\040\000O\000r\000g\000a\000n\000i\000s\000a\000t\000i\000o\000n}{chapter.1}% 18
\BOOKMARK [0][-]{chapter.2}{\376\377\000B\000a\000c\000k\000g\000r\000o\000u\000n\000d\000\040\000a\000n\000d\000\040\000L\000i\000t\000e\000r\000a\000t\000u\000r\000e\000\040\000R\000e\000v\000i\000e\000w}{}% 19
\BOOKMARK [1][-]{section.2.1}{\376\377\000T\000h\000e\000\040\000A\000r\000a\000b\000i\000c\000\040\000L\000a\000n\000g\000u\000a\000g\000e\000\040\000a\000n\000d\000\040\000S\000c\000r\000i\000p\000t}{chapter.2}% 20
\BOOKMARK [2][-]{subsection.2.1.1}{\376\377\000L\000i\000n\000g\000u\000i\000s\000t\000i\000c\000\040\000O\000v\000e\000r\000v\000i\000e\000w}{section.2.1}% 21
\BOOKMARK [2][-]{subsection.2.1.2}{\376\377\000T\000h\000e\000\040\000A\000r\000a\000b\000i\000c\000\040\000S\000c\000r\000i\000p\000t}{section.2.1}% 22
\BOOKMARK [2][-]{subsection.2.1.3}{\376\377\000A\000r\000a\000b\000i\000c\000\040\000T\000e\000x\000t\000\040\000i\000n\000\040\000C\000o\000m\000p\000u\000t\000i\000n\000g}{section.2.1}% 23
\BOOKMARK [2][-]{subsection.2.1.4}{\376\377\000C\000h\000a\000l\000l\000e\000n\000g\000e\000s\000\040\000f\000o\000r\000\040\000A\000r\000a\000b\000i\000c\000\040\000N\000L\000P}{section.2.1}% 24
\BOOKMARK [1][-]{section.2.2}{\376\377\000O\000p\000t\000i\000c\000a\000l\000\040\000C\000h\000a\000r\000a\000c\000t\000e\000r\000\040\000R\000e\000c\000o\000g\000n\000i\000t\000i\000o\000n}{chapter.2}% 25
\BOOKMARK [2][-]{subsection.2.2.1}{\376\377\000W\000h\000a\000t\000\040\000I\000s\000\040\000O\000C\000R\000?}{section.2.2}% 26
\BOOKMARK [2][-]{subsection.2.2.2}{\376\377\000O\000C\000R\000\040\000A\000r\000c\000h\000i\000t\000e\000c\000t\000u\000r\000e\000s}{section.2.2}% 27
\BOOKMARK [2][-]{subsection.2.2.3}{\376\377\000A\000r\000a\000b\000i\000c\000-\000S\000p\000e\000c\000i\000f\000i\000c\000\040\000O\000C\000R\000\040\000C\000h\000a\000l\000l\000e\000n\000g\000e\000s}{section.2.2}% 28
\BOOKMARK [2][-]{subsection.2.2.4}{\376\377\000Q\000a\000a\000r\000i\000:\000\040\000T\000h\000e\000\040\000O\000C\000R\000\040\000E\000n\000g\000i\000n\000e\000\040\000U\000s\000e\000d\000\040\000i\000n\000\040\000T\000h\000i\000s\000\040\000S\000t\000u\000d\000y}{section.2.2}% 29
\BOOKMARK [2][-]{subsection.2.2.5}{\376\377\000E\000v\000a\000l\000u\000a\000t\000i\000o\000n\000\040\000M\000e\000t\000r\000i\000c\000s\000\040\000f\000o\000r\000\040\000O\000C\000R}{section.2.2}% 30
\BOOKMARK [1][-]{section.2.3}{\376\377\000L\000a\000r\000g\000e\000\040\000L\000a\000n\000g\000u\000a\000g\000e\000\040\000M\000o\000d\000e\000l\000s}{chapter.2}% 31
\BOOKMARK [2][-]{subsection.2.3.1}{\376\377\000F\000r\000o\000m\000\040\000N\000-\000g\000r\000a\000m\000s\000\040\000t\000o\000\040\000T\000r\000a\000n\000s\000f\000o\000r\000m\000e\000r\000s}{section.2.3}% 32
\BOOKMARK [2][-]{subsection.2.3.2}{\376\377\000T\000h\000e\000\040\000T\000r\000a\000n\000s\000f\000o\000r\000m\000e\000r\000\040\000A\000r\000c\000h\000i\000t\000e\000c\000t\000u\000r\000e}{section.2.3}% 33
\BOOKMARK [2][-]{subsection.2.3.3}{\376\377\000P\000r\000e\000-\000T\000r\000a\000i\000n\000i\000n\000g\000\040\000a\000n\000d\000\040\000I\000n\000s\000t\000r\000u\000c\000t\000i\000o\000n\000\040\000T\000u\000n\000i\000n\000g}{section.2.3}% 34
\BOOKMARK [2][-]{subsection.2.3.4}{\376\377\000Q\000w\000e\000n\0003\000-\0004\000B\000-\000I\000n\000s\000t\000r\000u\000c\000t\000-\0002\0005\0000\0007}{section.2.3}% 35
\BOOKMARK [2][-]{subsection.2.3.5}{\376\377\000A\000r\000a\000b\000i\000c\000\040\000L\000L\000M\000s\000\040\000a\000n\000d\000\040\000A\000r\000a\000b\000i\000c\000\040\000N\000L\000P\000\040\000w\000i\000t\000h\000\040\000L\000L\000M\000s}{section.2.3}% 36
\BOOKMARK [1][-]{section.2.4}{\376\377\000P\000r\000o\000m\000p\000t\000\040\000E\000n\000g\000i\000n\000e\000e\000r\000i\000n\000g}{chapter.2}% 37
\BOOKMARK [2][-]{subsection.2.4.1}{\376\377\000Z\000e\000r\000o\000-\000S\000h\000o\000t\000\040\000P\000r\000o\000m\000p\000t\000i\000n\000g}{section.2.4}% 38
\BOOKMARK [2][-]{subsection.2.4.2}{\376\377\000F\000e\000w\000-\000S\000h\000o\000t\000\040\000P\000r\000o\000m\000p\000t\000i\000n\000g}{section.2.4}% 39
\BOOKMARK [2][-]{subsection.2.4.3}{\376\377\000C\000h\000a\000i\000n\000-\000o\000f\000-\000T\000h\000o\000u\000g\000h\000t\000\040\000a\000n\000d\000\040\000I\000n\000s\000t\000r\000u\000c\000t\000i\000o\000n\000\040\000A\000u\000g\000m\000e\000n\000t\000a\000t\000i\000o\000n}{section.2.4}% 40
\BOOKMARK [2][-]{subsection.2.4.4}{\376\377\000R\000e\000t\000r\000i\000e\000v\000a\000l\000-\000A\000u\000g\000m\000e\000n\000t\000e\000d\000\040\000G\000e\000n\000e\000r\000a\000t\000i\000o\000n}{section.2.4}% 41
\BOOKMARK [2][-]{subsection.2.4.5}{\376\377\000S\000e\000l\000f\000-\000R\000e\000f\000l\000e\000c\000t\000i\000v\000e\000\040\000a\000n\000d\000\040\000M\000e\000t\000a\000-\000C\000o\000g\000n\000i\000t\000i\000v\000e\000\040\000P\000r\000o\000m\000p\000t\000i\000n\000g}{section.2.4}% 42
\BOOKMARK [1][-]{section.2.5}{\376\377\000K\000n\000o\000w\000l\000e\000d\000g\000e\000\040\000S\000o\000u\000r\000c\000e\000s\000\040\000U\000s\000e\000d\000\040\000i\000n\000\040\000T\000h\000i\000s\000\040\000S\000t\000u\000d\000y}{chapter.2}% 43
\BOOKMARK [2][-]{subsection.2.5.1}{\376\377\000C\000o\000n\000f\000u\000s\000i\000o\000n\000\040\000M\000a\000t\000r\000i\000x\000\040\000a\000s\000\040\000a\000\040\000K\000n\000o\000w\000l\000e\000d\000g\000e\000\040\000S\000o\000u\000r\000c\000e}{section.2.5}% 44
\BOOKMARK [2][-]{subsection.2.5.2}{\376\377\000A\000r\000a\000b\000i\000c\000\040\000O\000r\000t\000h\000o\000g\000r\000a\000p\000h\000i\000c\000\040\000R\000u\000l\000e\000s}{section.2.5}% 45
\BOOKMARK [2][-]{subsection.2.5.3}{\376\377\000T\000h\000e\000\040\000Q\000A\000L\000B\000\040\000C\000o\000r\000p\000u\000s}{section.2.5}% 46
\BOOKMARK [2][-]{subsection.2.5.4}{\376\377\000T\000h\000e\000\040\000O\000p\000e\000n\000I\000T\000I\000\040\000C\000o\000r\000p\000u\000s}{section.2.5}% 47
\BOOKMARK [2][-]{subsection.2.5.5}{\376\377\000C\000A\000M\000e\000L\000\040\000T\000o\000o\000l\000s}{section.2.5}% 48
\BOOKMARK [1][-]{section.2.6}{\376\377\000R\000e\000l\000a\000t\000e\000d\000\040\000W\000o\000r\000k\000\040\000o\000n\000\040\000P\000o\000s\000t\000-\000O\000C\000R\000\040\000C\000o\000r\000r\000e\000c\000t\000i\000o\000n}{chapter.2}% 49
\BOOKMARK [2][-]{subsection.2.6.1}{\376\377\000C\000l\000a\000s\000s\000i\000c\000a\000l\000\040\000A\000p\000p\000r\000o\000a\000c\000h\000e\000s}{section.2.6}% 50
\BOOKMARK [2][-]{subsection.2.6.2}{\376\377\000N\000e\000u\000r\000a\000l\000\040\000S\000e\000q\000u\000e\000n\000c\000e\000-\000t\000o\000-\000S\000e\000q\000u\000e\000n\000c\000e\000\040\000C\000o\000r\000r\000e\000c\000t\000i\000o\000n}{section.2.6}% 51
\BOOKMARK [2][-]{subsection.2.6.3}{\376\377\000L\000L\000M\000-\000B\000a\000s\000e\000d\000\040\000P\000o\000s\000t\000-\000O\000C\000R\000\040\000C\000o\000r\000r\000e\000c\000t\000i\000o\000n}{section.2.6}% 52
\BOOKMARK [2][-]{subsection.2.6.4}{\376\377\000A\000r\000a\000b\000i\000c\000-\000S\000p\000e\000c\000i\000f\000i\000c\000\040\000O\000C\000R\000\040\000C\000o\000r\000r\000e\000c\000t\000i\000o\000n}{section.2.6}% 53
\BOOKMARK [2][-]{subsection.2.6.5}{\376\377\000P\000o\000s\000i\000t\000i\000o\000n\000i\000n\000g\000\040\000o\000f\000\040\000T\000h\000i\000s\000\040\000W\000o\000r\000k}{section.2.6}% 54
\BOOKMARK [0][-]{chapter.3}{\376\377\000S\000y\000s\000t\000e\000m\000\040\000D\000e\000s\000i\000g\000n\000\040\000a\000n\000d\000\040\000D\000a\000t\000a\000s\000e\000t\000s}{}% 55
\BOOKMARK [1][-]{section.3.1}{\376\377\000O\000v\000e\000r\000a\000l\000l\000\040\000A\000r\000c\000h\000i\000t\000e\000c\000t\000u\000r\000e}{chapter.3}% 56
\BOOKMARK [2][-]{subsection.3.1.1}{\376\377\000T\000h\000r\000e\000e\000-\000S\000t\000a\000g\000e\000\040\000P\000i\000p\000e\000l\000i\000n\000e}{section.3.1}% 57
\BOOKMARK [2][-]{subsection.3.1.2}{\376\377\000J\000S\000O\000N\000L\000\040\000R\000e\000c\000o\000r\000d\000\040\000F\000o\000r\000m\000a\000t}{section.3.1}% 58
\BOOKMARK [2][-]{subsection.3.1.3}{\376\377\000R\000e\000s\000u\000m\000e\000\040\000a\000n\000d\000\040\000F\000o\000r\000c\000e\000-\000R\000e\000r\000u\000n\000\040\000B\000e\000h\000a\000v\000i\000o\000u\000r}{section.3.1}% 59
\BOOKMARK [1][-]{section.3.2}{\376\377\000D\000a\000t\000a\000s\000e\000t\000s}{chapter.3}% 60
\BOOKMARK [2][-]{subsection.3.2.1}{\376\377\000P\000A\000T\000S\000-\000A\0000\0001\000\040\040\024\000\040\000P\000r\000i\000n\000t\000e\000d\000\040\000A\000r\000a\000b\000i\000c\000\040\000T\000e\000x\000t\000\040\000S\000e\000t}{section.3.2}% 61
\BOOKMARK [3][-]{subsubsection.3.2.1.1}{\376\377\000F\000o\000n\000t\000s\000\040\000a\000n\000d\000\040\000C\000o\000v\000e\000r\000a\000g\000e}{subsection.3.2.1}% 62
\BOOKMARK [3][-]{subsubsection.3.2.1.2}{\376\377\000G\000r\000o\000u\000n\000d\000-\000T\000r\000u\000t\000h\000\040\000E\000n\000c\000o\000d\000i\000n\000g}{subsection.3.2.1}% 63
\BOOKMARK [3][-]{subsubsection.3.2.1.3}{\376\377\000T\000r\000a\000i\000n\000/\000V\000a\000l\000i\000d\000a\000t\000i\000o\000n\000\040\000S\000p\000l\000i\000t}{subsection.3.2.1}% 64
\BOOKMARK [3][-]{subsubsection.3.2.1.4}{\376\377\000S\000c\000o\000p\000e\000\040\000o\000f\000\040\000T\000h\000i\000s\000\040\000T\000h\000e\000s\000i\000s}{subsection.3.2.1}% 65
\BOOKMARK [2][-]{subsection.3.2.2}{\376\377\000K\000H\000A\000T\000T\000\040\040\024\000\040\000K\000h\000a\000t\000t\000\040\000A\000r\000a\000b\000i\000c\000\040\000H\000a\000n\000d\000w\000r\000i\000t\000t\000e\000n\000\040\000T\000e\000x\000t}{section.3.2}% 66
\BOOKMARK [2][-]{subsection.3.2.3}{\376\377\000K\000H\000A\000T\000T\000-\000P\000a\000r\000a\000g\000r\000a\000p\000h}{section.3.2}% 67
\BOOKMARK [2][-]{subsection.3.2.4}{\376\377\000Y\000a\000r\000m\000o\000u\000k}{section.3.2}% 68
\BOOKMARK [2][-]{subsection.3.2.5}{\376\377\000M\000u\000h\000a\000r\000a\000f}{section.3.2}% 69
\BOOKMARK [2][-]{subsection.3.2.6}{\376\377\000H\000i\000s\000t\000o\000r\000i\000c\000a\000l\000\040\000A\000r\000a\000b\000i\000c\000\040\000M\000a\000n\000u\000s\000c\000r\000i\000p\000t\000s}{section.3.2}% 70
\BOOKMARK [2][-]{subsection.3.2.7}{\376\377\000D\000a\000t\000a\000s\000e\000t\000\040\000S\000t\000a\000t\000i\000s\000t\000i\000c\000s}{section.3.2}% 71
\BOOKMARK [2][-]{subsection.3.2.8}{\376\377\000O\000C\000R\000\040\000R\000e\000s\000u\000l\000t\000s\000\040\000F\000o\000r\000m\000a\000t}{section.3.2}% 72
\BOOKMARK [1][-]{section.3.3}{\376\377\000P\000r\000e\000p\000r\000o\000c\000e\000s\000s\000i\000n\000g\000\040\000a\000n\000d\000\040\000E\000v\000a\000l\000u\000a\000t\000i\000o\000n}{chapter.3}% 73
\BOOKMARK [2][-]{subsection.3.3.1}{\376\377\000T\000e\000x\000t\000\040\000N\000o\000r\000m\000a\000l\000i\000s\000a\000t\000i\000o\000n}{section.3.3}% 74
\BOOKMARK [2][-]{subsection.3.3.2}{\376\377\000C\000E\000R\000\040\000a\000n\000d\000\040\000W\000E\000R\000\040\000C\000o\000m\000p\000u\000t\000a\000t\000i\000o\000n}{section.3.3}% 75
\BOOKMARK [3][-]{subsubsection.3.3.2.1}{\376\377\000D\000e\000f\000i\000n\000i\000t\000i\000o\000n\000s}{subsection.3.3.2}% 76
\BOOKMARK [3][-]{subsubsection.3.3.2.2}{\376\377\000I\000m\000p\000l\000e\000m\000e\000n\000t\000a\000t\000i\000o\000n}{subsection.3.3.2}% 77
\BOOKMARK [2][-]{subsection.3.3.3}{\376\377\000E\000r\000r\000o\000r\000\040\000T\000a\000x\000o\000n\000o\000m\000y\000\040\000C\000o\000n\000s\000t\000r\000u\000c\000t\000i\000o\000n}{section.3.3}% 78
\BOOKMARK [1][-]{section.3.4}{\376\377\000K\000n\000o\000w\000l\000e\000d\000g\000e\000\040\000B\000a\000s\000e\000\040\000C\000o\000m\000p\000o\000n\000e\000n\000t\000s}{chapter.3}% 79
\BOOKMARK [2][-]{subsection.3.4.1}{\376\377\000C\000o\000n\000f\000u\000s\000i\000o\000n\000\040\000M\000a\000t\000r\000i\000x\000\040\000L\000o\000a\000d\000e\000r}{section.3.4}% 80
\BOOKMARK [2][-]{subsection.3.4.2}{\376\377\000W\000o\000r\000d\000\040\000E\000r\000r\000o\000r\000\040\000P\000a\000i\000r\000s\000\040\000L\000o\000a\000d\000e\000r}{section.3.4}% 81
\BOOKMARK [2][-]{subsection.3.4.3}{\376\377\000C\000A\000M\000e\000L\000\040\000T\000o\000o\000l\000s\000\040\000I\000n\000t\000e\000g\000r\000a\000t\000i\000o\000n}{section.3.4}% 82
\BOOKMARK [3][-]{subsubsection.3.4.3.1}{\376\377\000M\000o\000r\000p\000h\000A\000n\000a\000l\000y\000z\000e\000r}{subsection.3.4.3}% 83
\BOOKMARK [3][-]{subsubsection.3.4.3.2}{\376\377\000W\000o\000r\000d\000V\000a\000l\000i\000d\000a\000t\000o\000r\000\040\000a\000n\000d\000\040\000t\000h\000e\000\040\000R\000e\000v\000e\000r\000t\000\040\000S\000t\000r\000a\000t\000e\000g\000y}{subsection.3.4.3}% 84
\BOOKMARK [2][-]{subsection.3.4.4}{\376\377\000R\000A\000G\000\040\000I\000n\000d\000e\000x\000\040\000\050\000B\000M\0002\0005\000\040\000R\000e\000t\000r\000i\000e\000v\000e\000r\000\051}{section.3.4}% 85
\BOOKMARK [2][-]{subsection.3.4.5}{\376\377\000L\000L\000M\000\040\000I\000n\000s\000i\000g\000h\000t\000s\000\040\000L\000o\000a\000d\000e\000r}{section.3.4}% 86
\BOOKMARK [1][-]{section.3.5}{\376\377\000T\000h\000e\000\040\000L\000L\000M\000\040\000C\000o\000r\000r\000e\000c\000t\000i\000o\000n\000\040\000M\000o\000d\000u\000l\000e}{chapter.3}% 87
\BOOKMARK [2][-]{subsection.3.5.1}{\376\377\000C\000l\000a\000s\000s\000\040\000H\000i\000e\000r\000a\000r\000c\000h\000y}{section.3.5}% 88
\BOOKMARK [2][-]{subsection.3.5.2}{\376\377\000G\000e\000n\000e\000r\000a\000t\000i\000o\000n\000\040\000C\000o\000n\000f\000i\000g\000u\000r\000a\000t\000i\000o\000n}{section.3.5}% 89
\BOOKMARK [2][-]{subsection.3.5.3}{\376\377\000R\000e\000s\000p\000o\000n\000s\000e\000\040\000E\000x\000t\000r\000a\000c\000t\000i\000o\000n}{section.3.5}% 90
\BOOKMARK [1][-]{section.3.6}{\376\377\000P\000r\000o\000m\000p\000t\000B\000u\000i\000l\000d\000e\000r}{chapter.3}% 91
\BOOKMARK [2][-]{subsection.3.6.1}{\376\377\000P\000r\000o\000m\000p\000t\000\040\000D\000e\000s\000i\000g\000n\000\040\000P\000h\000i\000l\000o\000s\000o\000p\000h\000y}{section.3.6}% 92
\BOOKMARK [2][-]{subsection.3.6.2}{\376\377\000P\000r\000o\000m\000p\000t\000\040\000V\000a\000r\000i\000a\000n\000t\000s}{section.3.6}% 93
\BOOKMARK [3][-]{subsubsection.3.6.2.1}{\376\377\000Z\000e\000r\000o\000-\000S\000h\000o\000t\000\040\000P\000r\000o\000m\000p\000t\000\040\000\050\000p\0002\000v\0002\000\051}{subsection.3.6.2}% 94
\BOOKMARK [3][-]{subsubsection.3.6.2.2}{\376\377\000O\000C\000R\000-\000A\000w\000a\000r\000e\000\040\000P\000r\000o\000m\000p\000t\000\040\000\050\000p\0003\000v\0001\000\051}{subsection.3.6.2}% 95
\BOOKMARK [3][-]{subsubsection.3.6.2.3}{\376\377\000S\000e\000l\000f\000-\000R\000e\000f\000l\000e\000c\000t\000i\000v\000e\000\040\000P\000r\000o\000m\000p\000t\000\040\000\050\000p\0004\000v\0003\000\051}{subsection.3.6.2}% 96
\BOOKMARK [3][-]{subsubsection.3.6.2.4}{\376\377\000C\000o\000m\000b\000i\000n\000e\000d\000\040\000P\000r\000o\000m\000p\000t\000\040\000\050\000p\0006\000v\0001\000\051}{subsection.3.6.2}% 97
\BOOKMARK [3][-]{subsubsection.3.6.2.5}{\376\377\000R\000A\000G\000\040\000P\000r\000o\000m\000p\000t\000\040\000\050\000p\0008\000v\0001\000\051}{subsection.3.6.2}% 98
\BOOKMARK [0][-]{chapter.4}{\376\377\000E\000x\000p\000e\000r\000i\000m\000e\000n\000t\000a\000l\000\040\000M\000e\000t\000h\000o\000d\000o\000l\000o\000g\000y}{}% 99
\BOOKMARK [1][-]{section.4.1}{\376\377\000E\000x\000p\000e\000r\000i\000m\000e\000n\000t\000a\000l\000\040\000D\000e\000s\000i\000g\000n\000\040\000P\000r\000i\000n\000c\000i\000p\000l\000e\000s}{chapter.4}% 100
\BOOKMARK [2][-]{subsection.4.1.1}{\376\377\000T\000h\000e\000\040\000I\000s\000o\000l\000a\000t\000i\000o\000n\000\040\000P\000r\000i\000n\000c\000i\000p\000l\000e}{section.4.1}% 101
\BOOKMARK [2][-]{subsection.4.1.2}{\376\377\000P\000h\000a\000s\000e\000\040\0002\000\040\000a\000s\000\040\000t\000h\000e\000\040\000H\000u\000b\000\040\000B\000a\000s\000e\000l\000i\000n\000e}{section.4.1}% 102
\BOOKMARK [2][-]{subsection.4.1.3}{\376\377\000R\000e\000p\000r\000o\000d\000u\000c\000i\000b\000i\000l\000i\000t\000y\000\040\000M\000e\000a\000s\000u\000r\000e\000s}{section.4.1}% 103
\BOOKMARK [2][-]{subsection.4.1.4}{\376\377\000W\000h\000y\000\040\000N\000o\000t\000\040\000T\000e\000s\000t\000\040\000A\000l\000l\000\040\000C\000o\000m\000b\000i\000n\000a\000t\000i\000o\000n\000s\000\040\000F\000i\000r\000s\000t}{section.4.1}% 104
\BOOKMARK [1][-]{section.4.2}{\376\377\000P\000h\000a\000s\000e\000\040\0001\000\040\040\024\000\040\000B\000a\000s\000e\000l\000i\000n\000e\000\040\000a\000n\000d\000\040\000E\000r\000r\000o\000r\000\040\000T\000a\000x\000o\000n\000o\000m\000y}{chapter.4}% 105
\BOOKMARK [2][-]{subsection.4.2.1}{\376\377\000H\000y\000p\000o\000t\000h\000e\000s\000i\000s}{section.4.2}% 106
\BOOKMARK [2][-]{subsection.4.2.2}{\376\377\000M\000e\000t\000h\000o\000d}{section.4.2}% 107
\BOOKMARK [2][-]{subsection.4.2.3}{\376\377\000O\000u\000t\000p\000u\000t\000\040\000F\000i\000l\000e\000s}{section.4.2}% 108
\BOOKMARK [1][-]{section.4.3}{\376\377\000P\000h\000a\000s\000e\000\040\0002\000\040\040\024\000\040\000Z\000e\000r\000o\000-\000S\000h\000o\000t\000\040\000L\000L\000M\000\040\000C\000o\000r\000r\000e\000c\000t\000i\000o\000n}{chapter.4}% 109
\BOOKMARK [2][-]{subsection.4.3.1}{\376\377\000H\000y\000p\000o\000t\000h\000e\000s\000i\000s}{section.4.3}% 110
\BOOKMARK [2][-]{subsection.4.3.2}{\376\377\000M\000e\000t\000h\000o\000d}{section.4.3}% 111
\BOOKMARK [2][-]{subsection.4.3.3}{\376\377\000P\000r\000o\000m\000p\000t\000\040\000D\000e\000s\000i\000g\000n\000\040\000R\000a\000t\000i\000o\000n\000a\000l\000e}{section.4.3}% 112
\BOOKMARK [2][-]{subsection.4.3.4}{\376\377\000O\000u\000t\000p\000u\000t\000\040\000F\000i\000l\000e\000s}{section.4.3}% 113
\BOOKMARK [1][-]{section.4.4}{\376\377\000P\000h\000a\000s\000e\000\040\0003\000\040\040\024\000\040\000O\000C\000R\000-\000A\000w\000a\000r\000e\000\040\000P\000r\000o\000m\000p\000t\000i\000n\000g}{chapter.4}% 114
\BOOKMARK [2][-]{subsection.4.4.1}{\376\377\000H\000y\000p\000o\000t\000h\000e\000s\000i\000s}{section.4.4}% 115
\BOOKMARK [2][-]{subsection.4.4.2}{\376\377\000M\000e\000t\000h\000o\000d}{section.4.4}% 116
\BOOKMARK [2][-]{subsection.4.4.3}{\376\377\000V\000a\000r\000i\000a\000b\000l\000e\000s}{section.4.4}% 117
\BOOKMARK [2][-]{subsection.4.4.4}{\376\377\000D\000e\000s\000i\000g\000n\000\040\000R\000a\000t\000i\000o\000n\000a\000l\000e}{section.4.4}% 118
\BOOKMARK [2][-]{subsection.4.4.5}{\376\377\000O\000u\000t\000p\000u\000t\000\040\000F\000i\000l\000e\000s}{section.4.4}% 119
\BOOKMARK [1][-]{section.4.5}{\376\377\000P\000h\000a\000s\000e\000\040\0004\000\040\040\024\000\040\000S\000e\000l\000f\000-\000R\000e\000f\000l\000e\000c\000t\000i\000v\000e\000\040\000P\000r\000o\000m\000p\000t\000i\000n\000g}{chapter.4}% 120
\BOOKMARK [2][-]{subsection.4.5.1}{\376\377\000H\000y\000p\000o\000t\000h\000e\000s\000i\000s}{section.4.5}% 121
\BOOKMARK [2][-]{subsection.4.5.2}{\376\377\000T\000h\000r\000e\000e\000-\000S\000t\000a\000g\000e\000\040\000M\000e\000t\000h\000o\000d}{section.4.5}% 122
\BOOKMARK [3][-]{subsubsection.4.5.2.1}{\376\377\000S\000t\000a\000g\000e\000\040\0001\000:\000\040\000T\000r\000a\000i\000n\000i\000n\000g\000-\000S\000p\000l\000i\000t\000\040\000A\000n\000a\000l\000y\000s\000i\000s}{subsection.4.5.2}% 123
\BOOKMARK [3][-]{subsubsection.4.5.2.2}{\376\377\000I\000n\000s\000i\000g\000h\000t\000s\000\040\000D\000e\000r\000i\000v\000e\000d\000\040\000f\000r\000o\000m\000\040\000T\000r\000a\000i\000n\000i\000n\000g\000\040\000D\000a\000t\000a}{subsection.4.5.2}% 124
\BOOKMARK [3][-]{subsubsection.4.5.2.3}{\376\377\000S\000t\000a\000g\000e\000\040\0002\000:\000\040\000E\000x\000p\000o\000r\000t}{subsection.4.5.2}% 125
\BOOKMARK [3][-]{subsubsection.4.5.2.4}{\376\377\000S\000t\000a\000g\000e\000\040\0003\000:\000\040\000A\000n\000a\000l\000y\000s\000e}{subsection.4.5.2}% 126
\BOOKMARK [2][-]{subsection.4.5.3}{\376\377\000V\000a\000r\000i\000a\000b\000l\000e\000s}{section.4.5}% 127
\BOOKMARK [2][-]{subsection.4.5.4}{\376\377\000N\000o\000-\000L\000e\000a\000k\000a\000g\000e\000\040\000G\000u\000a\000r\000a\000n\000t\000e\000e}{section.4.5}% 128
\BOOKMARK [2][-]{subsection.4.5.5}{\376\377\000O\000u\000t\000p\000u\000t\000\040\000F\000i\000l\000e\000s}{section.4.5}% 129
\BOOKMARK [1][-]{section.4.6}{\376\377\000P\000h\000a\000s\000e\000\040\0005\000\040\040\024\000\040\000C\000A\000M\000e\000L\000\040\000M\000o\000r\000p\000h\000o\000l\000o\000g\000i\000c\000a\000l\000\040\000P\000o\000s\000t\000-\000P\000r\000o\000c\000e\000s\000s\000i\000n\000g}{chapter.4}% 130
\BOOKMARK [2][-]{subsection.4.6.1}{\376\377\000H\000y\000p\000o\000t\000h\000e\000s\000i\000s}{section.4.6}% 131
\BOOKMARK [2][-]{subsection.4.6.2}{\376\377\000M\000e\000t\000h\000o\000d}{section.4.6}% 132
\BOOKMARK [2][-]{subsection.4.6.3}{\376\377\000I\000m\000p\000l\000e\000m\000e\000n\000t\000a\000t\000i\000o\000n\000\040\000N\000o\000t\000e\000:\000\040\000P\000o\000s\000i\000t\000i\000o\000n\000-\000I\000n\000d\000e\000x\000e\000d\000\040\000R\000e\000v\000e\000r\000t}{section.4.6}% 133
\BOOKMARK [2][-]{subsection.4.6.4}{\376\377\000R\000e\000v\000e\000r\000t\000\040\000S\000t\000r\000a\000t\000e\000g\000y\000\040\000R\000a\000t\000i\000o\000n\000a\000l\000e}{section.4.6}% 134
\BOOKMARK [2][-]{subsection.4.6.5}{\376\377\000E\000x\000p\000e\000c\000t\000e\000d\000\040\000L\000i\000m\000i\000t\000a\000t\000i\000o\000n\000s}{section.4.6}% 135
\BOOKMARK [2][-]{subsection.4.6.6}{\376\377\000O\000u\000t\000p\000u\000t\000\040\000F\000i\000l\000e\000s}{section.4.6}% 136
\BOOKMARK [1][-]{section.4.7}{\376\377\000P\000h\000a\000s\000e\000\040\0006\000\040\040\024\000\040\000C\000o\000m\000b\000i\000n\000a\000t\000i\000o\000n\000s\000\040\000a\000n\000d\000\040\000A\000b\000l\000a\000t\000i\000o\000n}{chapter.4}% 137
\BOOKMARK [2][-]{subsection.4.7.1}{\376\377\000P\000u\000r\000p\000o\000s\000e}{section.4.7}% 138
\BOOKMARK [2][-]{subsection.4.7.2}{\376\377\000C\000o\000m\000b\000i\000n\000a\000t\000i\000o\000n\000s\000\040\000T\000e\000s\000t\000e\000d}{section.4.7}% 139
\BOOKMARK [2][-]{subsection.4.7.3}{\376\377\000A\000b\000l\000a\000t\000i\000o\000n\000\040\000D\000e\000s\000i\000g\000n}{section.4.7}% 140
\BOOKMARK [2][-]{subsection.4.7.4}{\376\377\000S\000t\000a\000t\000i\000s\000t\000i\000c\000a\000l\000\040\000T\000e\000s\000t\000i\000n\000g}{section.4.7}% 141
\BOOKMARK [2][-]{subsection.4.7.5}{\376\377\000O\000u\000t\000p\000u\000t\000\040\000F\000i\000l\000e\000s}{section.4.7}% 142
\BOOKMARK [1][-]{section.4.8}{\376\377\000P\000h\000a\000s\000e\000\040\0008\000\040\040\024\000\040\000R\000e\000t\000r\000i\000e\000v\000a\000l\000-\000A\000u\000g\000m\000e\000n\000t\000e\000d\000\040\000G\000e\000n\000e\000r\000a\000t\000i\000o\000n}{chapter.4}% 143
\BOOKMARK [2][-]{subsection.4.8.1}{\376\377\000H\000y\000p\000o\000t\000h\000e\000s\000i\000s}{section.4.8}% 144
\BOOKMARK [2][-]{subsection.4.8.2}{\376\377\000M\000e\000t\000h\000o\000d}{section.4.8}% 145
\BOOKMARK [3][-]{subsubsection.4.8.2.1}{\376\377\000S\000t\000a\000g\000e\000\040\0001\000:\000\040\000B\000u\000i\000l\000d\000\040\000I\000n\000d\000e\000x}{subsection.4.8.2}% 146
\BOOKMARK [3][-]{subsubsection.4.8.2.2}{\376\377\000S\000t\000a\000g\000e\000\040\0002\000:\000\040\000E\000x\000p\000o\000r\000t}{subsection.4.8.2}% 147
\BOOKMARK [3][-]{subsubsection.4.8.2.3}{\376\377\000S\000t\000a\000g\000e\000\040\0003\000:\000\040\000A\000n\000a\000l\000y\000s\000e}{subsection.4.8.2}% 148
\BOOKMARK [2][-]{subsection.4.8.3}{\376\377\000V\000a\000r\000i\000a\000b\000l\000e\000s}{section.4.8}% 149
\BOOKMARK [2][-]{subsection.4.8.4}{\376\377\000D\000e\000s\000i\000g\000n\000\040\000R\000a\000t\000i\000o\000n\000a\000l\000e}{section.4.8}% 150
\BOOKMARK [2][-]{subsection.4.8.5}{\376\377\000N\000o\000-\000L\000e\000a\000k\000a\000g\000e\000\040\000G\000u\000a\000r\000a\000n\000t\000e\000e}{section.4.8}% 151
\BOOKMARK [2][-]{subsection.4.8.6}{\376\377\000O\000u\000t\000p\000u\000t\000\040\000F\000i\000l\000e\000s}{section.4.8}% 152
\BOOKMARK [1][-]{section.4.9}{\376\377\000P\000h\000a\000s\000e\000\040\000S\000u\000m\000m\000a\000r\000y}{chapter.4}% 153
\BOOKMARK [1][-]{section.4.10}{\376\377\000E\000x\000p\000e\000r\000i\000m\000e\000n\000t\000\040\0002\000\040\040\024\000\040\000P\000r\000o\000m\000p\000t\000\040\000D\000e\000s\000i\000g\000n\000\040\000A\000b\000l\000a\000t\000i\000o\000n\000\040\000o\000n\000\040\000F\000u\000l\000l\000-\000P\000a\000g\000e\000\040\000D\000a\000t\000a\000s\000e\000t\000s}{chapter.4}% 154
\BOOKMARK [2][-]{subsection.4.10.1}{\376\377\000M\000o\000t\000i\000v\000a\000t\000i\000o\000n\000\040\000a\000n\000d\000\040\000O\000v\000e\000r\000v\000i\000e\000w}{section.4.10}% 155
\BOOKMARK [2][-]{subsection.4.10.2}{\376\377\000F\000a\000c\000t\000o\000r\000i\000a\000l\000\040\000D\000e\000s\000i\000g\000n}{section.4.10}% 156
\BOOKMARK [2][-]{subsection.4.10.3}{\376\377\000D\000a\000t\000a\000s\000e\000t\000s\000\040\000E\000v\000a\000l\000u\000a\000t\000e\000d}{section.4.10}% 157
\BOOKMARK [2][-]{subsection.4.10.4}{\376\377\000H\000a\000n\000d\000-\000P\000i\000c\000k\000e\000d\000\040\000E\000x\000a\000m\000p\000l\000e\000\040\000C\000o\000n\000s\000t\000r\000u\000c\000t\000i\000o\000n}{section.4.10}% 158
\BOOKMARK [2][-]{subsection.4.10.5}{\376\377\000M\000e\000t\000h\000o\000d}{section.4.10}% 159
\BOOKMARK [2][-]{subsection.4.10.6}{\376\377\000O\000u\000t\000p\000u\000t\000\040\000F\000i\000l\000e\000s}{section.4.10}% 160
\BOOKMARK [0][-]{chapter.5}{\376\377\000R\000e\000s\000u\000l\000t\000s\000\040\000a\000n\000d\000\040\000A\000n\000a\000l\000y\000s\000i\000s}{}% 161
\BOOKMARK [1][-]{section.5.1}{\376\377\000P\000h\000a\000s\000e\000\040\0001\000\040\000R\000e\000s\000u\000l\000t\000s\000\040\040\024\000\040\000O\000C\000R\000\040\000E\000r\000r\000o\000r\000\040\000C\000h\000a\000r\000a\000c\000t\000e\000r\000i\000s\000a\000t\000i\000o\000n}{chapter.5}% 162
\BOOKMARK [2][-]{subsection.5.1.1}{\376\377\000P\000e\000r\000-\000F\000o\000n\000t\000\040\000B\000a\000s\000e\000l\000i\000n\000e\000\040\000E\000r\000r\000o\000r\000\040\000R\000a\000t\000e\000s}{section.5.1}% 163
\BOOKMARK [2][-]{subsection.5.1.2}{\376\377\000E\000r\000r\000o\000r\000\040\000T\000y\000p\000e\000\040\000D\000i\000s\000t\000r\000i\000b\000u\000t\000i\000o\000n\000\040\000A\000c\000r\000o\000s\000s\000\040\000F\000o\000n\000t\000s}{section.5.1}% 164
\BOOKMARK [2][-]{subsection.5.1.3}{\376\377\000C\000o\000n\000f\000u\000s\000i\000o\000n\000\040\000M\000a\000t\000r\000i\000x\000\040\000A\000n\000a\000l\000y\000s\000i\000s}{section.5.1}% 165
\BOOKMARK [2][-]{subsection.5.1.4}{\376\377\000M\000o\000r\000p\000h\000o\000l\000o\000g\000i\000c\000a\000l\000\040\000V\000a\000l\000i\000d\000i\000t\000y\000\040\000A\000n\000a\000l\000y\000s\000i\000s}{section.5.1}% 166
\BOOKMARK [1][-]{section.5.2}{\376\377\000P\000h\000a\000s\000e\000\040\0002\000\040\000R\000e\000s\000u\000l\000t\000s\000\040\040\024\000\040\000Z\000e\000r\000o\000-\000S\000h\000o\000t\000\040\000L\000L\000M\000\040\000B\000a\000s\000e\000l\000i\000n\000e}{chapter.5}% 167
\BOOKMARK [2][-]{subsection.5.2.1}{\376\377\000P\000e\000r\000-\000F\000o\000n\000t\000\040\000C\000o\000r\000r\000e\000c\000t\000i\000o\000n\000\040\000P\000e\000r\000f\000o\000r\000m\000a\000n\000c\000e}{section.5.2}% 168
\BOOKMARK [2][-]{subsection.5.2.2}{\376\377\000E\000r\000r\000o\000r\000\040\000I\000n\000t\000r\000o\000d\000u\000c\000t\000i\000o\000n\000\040\000R\000a\000t\000e\000\040\000A\000n\000a\000l\000y\000s\000i\000s}{section.5.2}% 169
\BOOKMARK [1][-]{section.5.3}{\376\377\000P\000h\000a\000s\000e\000s\000\040\0003\040\023\0005\000\040\000R\000e\000s\000u\000l\000t\000s\000\040\040\024\000\040\000I\000s\000o\000l\000a\000t\000e\000d\000\040\000K\000n\000o\000w\000l\000e\000d\000g\000e\000\040\000A\000u\000g\000m\000e\000n\000t\000a\000t\000i\000o\000n}{chapter.5}% 170
\BOOKMARK [2][-]{subsection.5.3.1}{\376\377\000P\000h\000a\000s\000e\000\040\0003\000\040\040\024\000\040\000O\000C\000R\000-\000A\000w\000a\000r\000e\000\040\000P\000r\000o\000m\000p\000t\000i\000n\000g\000\040\000\050\000C\000o\000n\000f\000u\000s\000i\000o\000n\000\040\000M\000a\000t\000r\000i\000x\000\051}{section.5.3}% 171
\BOOKMARK [2][-]{subsection.5.3.2}{\376\377\000P\000h\000a\000s\000e\000\040\0004\000\040\040\024\000\040\000S\000e\000l\000f\000-\000R\000e\000f\000l\000e\000c\000t\000i\000v\000e\000\040\000P\000r\000o\000m\000p\000t\000i\000n\000g}{section.5.3}% 172
\BOOKMARK [2][-]{subsection.5.3.3}{\376\377\000P\000h\000a\000s\000e\000\040\0005\000\040\040\024\000\040\000C\000A\000M\000e\000L\000\040\000M\000o\000r\000p\000h\000o\000l\000o\000g\000i\000c\000a\000l\000\040\000P\000o\000s\000t\000-\000P\000r\000o\000c\000e\000s\000s\000i\000n\000g}{section.5.3}% 173
\BOOKMARK [1][-]{section.5.4}{\376\377\000P\000e\000r\000-\000F\000o\000n\000t\000\040\000C\000o\000m\000p\000a\000r\000i\000s\000o\000n\000\040\000A\000c\000r\000o\000s\000s\000\040\000A\000l\000l\000\040\000P\000h\000a\000s\000e\000s}{chapter.5}% 174
\BOOKMARK [1][-]{section.5.5}{\376\377\000P\000h\000a\000s\000e\000\040\0006\000\040\000R\000e\000s\000u\000l\000t\000s\000\040\040\024\000\040\000C\000o\000m\000b\000i\000n\000a\000t\000i\000o\000n\000s\000\040\000a\000n\000d\000\040\000A\000b\000l\000a\000t\000i\000o\000n}{chapter.5}% 175
\BOOKMARK [2][-]{subsection.5.5.1}{\376\377\000C\000o\000m\000b\000i\000n\000a\000t\000i\000o\000n\000\040\000R\000e\000s\000u\000l\000t\000s}{section.5.5}% 176
\BOOKMARK [2][-]{subsection.5.5.2}{\376\377\000P\000e\000r\000-\000F\000o\000n\000t\000\040\000C\000o\000m\000b\000i\000n\000a\000t\000i\000o\000n\000\040\000R\000e\000s\000u\000l\000t\000s}{section.5.5}% 177
\BOOKMARK [2][-]{subsection.5.5.3}{\376\377\000A\000b\000l\000a\000t\000i\000o\000n\000\040\000R\000e\000s\000u\000l\000t\000s}{section.5.5}% 178
\BOOKMARK [2][-]{subsection.5.5.4}{\376\377\000S\000t\000a\000t\000i\000s\000t\000i\000c\000a\000l\000\040\000S\000i\000g\000n\000i\000f\000i\000c\000a\000n\000c\000e}{section.5.5}% 179
\BOOKMARK [1][-]{section.5.6}{\376\377\000P\000h\000a\000s\000e\000\040\0008\000\040\000R\000e\000s\000u\000l\000t\000s\000\040\040\024\000\040\000R\000e\000t\000r\000i\000e\000v\000a\000l\000-\000A\000u\000g\000m\000e\000n\000t\000e\000d\000\040\000G\000e\000n\000e\000r\000a\000t\000i\000o\000n}{chapter.5}% 180
\BOOKMARK [1][-]{section.5.7}{\376\377\000S\000u\000m\000m\000a\000r\000y\000\040\000a\000n\000d\000\040\000F\000i\000n\000a\000l\000\040\000R\000a\000n\000k\000i\000n\000g}{chapter.5}% 181
\BOOKMARK [1][-]{section.5.8}{\376\377\000E\000x\000p\000e\000r\000i\000m\000e\000n\000t\000\040\0002\000\040\000R\000e\000s\000u\000l\000t\000s\000\040\040\024\000\040\000P\000r\000o\000m\000p\000t\000\040\000D\000e\000s\000i\000g\000n\000\040\000A\000b\000l\000a\000t\000i\000o\000n\000\040\000o\000n\000\040\000F\000u\000l\000l\000-\000P\000a\000g\000e\000\040\000D\000a\000t\000a\000s\000e\000t\000s}{chapter.5}% 182
\BOOKMARK [2][-]{subsection.5.8.1}{\376\377\000O\000C\000R\000\040\000B\000a\000s\000e\000l\000i\000n\000e\000s\000\040\000o\000n\000\040\000N\000e\000w\000\040\000D\000a\000t\000a\000s\000e\000t\000s}{section.5.8}% 183
\BOOKMARK [2][-]{subsection.5.8.2}{\376\377\000T\000r\000i\000a\000l\000\040\000R\000e\000s\000u\000l\000t\000s\000\040\000o\000n\000\040\000N\000e\000w\000\040\000D\000a\000t\000a\000s\000e\000t\000s}{section.5.8}% 184
\BOOKMARK [2][-]{subsection.5.8.3}{\376\377\000T\000r\000i\000a\000l\000\040\000R\000e\000s\000u\000l\000t\000s\000\040\000o\000n\000\040\000E\000s\000t\000a\000b\000l\000i\000s\000h\000e\000d\000\040\000D\000a\000t\000a\000s\000e\000t\000s}{section.5.8}% 185
\BOOKMARK [2][-]{subsection.5.8.4}{\376\377\000F\000a\000c\000t\000o\000r\000i\000a\000l\000\040\000M\000a\000i\000n\000\040\000E\000f\000f\000e\000c\000t\000s}{section.5.8}% 186
\BOOKMARK [0][-]{chapter.6}{\376\377\000D\000i\000s\000c\000u\000s\000s\000i\000o\000n\000\040\000a\000n\000d\000\040\000C\000o\000n\000c\000l\000u\000s\000i\000o\000n}{}% 187
\BOOKMARK [1][-]{section.6.1}{\376\377\000R\000e\000v\000i\000s\000i\000t\000i\000n\000g\000\040\000t\000h\000e\000\040\000R\000e\000s\000e\000a\000r\000c\000h\000\040\000Q\000u\000e\000s\000t\000i\000o\000n\000s}{chapter.6}% 188
\BOOKMARK [1][-]{section.6.2}{\376\377\000T\000h\000e\000\040\000O\000v\000e\000r\000-\000C\000o\000r\000r\000e\000c\000t\000i\000o\000n\000\040\000T\000h\000r\000e\000s\000h\000o\000l\000d\000:\000\040\000A\000\040\000T\000h\000e\000o\000r\000e\000t\000i\000c\000a\000l\000\040\000A\000c\000c\000o\000u\000n\000t}{chapter.6}% 189
\BOOKMARK [2][-]{subsection.6.2.1}{\376\377\000F\000o\000r\000m\000a\000l\000\040\000D\000e\000f\000i\000n\000i\000t\000i\000o\000n}{section.6.2}% 190
\BOOKMARK [2][-]{subsection.6.2.2}{\376\377\000E\000m\000p\000i\000r\000i\000c\000a\000l\000\040\000E\000s\000t\000i\000m\000a\000t\000i\000o\000n}{section.6.2}% 191
\BOOKMARK [2][-]{subsection.6.2.3}{\376\377\000W\000h\000y\000\040\000A\000u\000g\000m\000e\000n\000t\000a\000t\000i\000o\000n\000\040\000R\000a\000i\000s\000e\000s\000\040\000t\000h\000e\000\040\000T\000h\000r\000e\000s\000h\000o\000l\000d}{section.6.2}% 192
\BOOKMARK [2][-]{subsection.6.2.4}{\376\377\000C\000o\000n\000n\000e\000c\000t\000i\000o\000n\000\040\000t\000o\000\040\000t\000h\000e\000\040\000B\000r\000o\000a\000d\000e\000r\000\040\000L\000i\000t\000e\000r\000a\000t\000u\000r\000e}{section.6.2}% 193
\BOOKMARK [1][-]{section.6.3}{\376\377\000W\000h\000y\000\040\000P\000h\000a\000s\000e\000\040\0003\000\040\000a\000n\000d\000\040\000P\000h\000a\000s\000e\000\040\0004\000\040\000C\000o\000m\000b\000i\000n\000e\000\040\000S\000y\000n\000e\000r\000g\000i\000s\000t\000i\000c\000a\000l\000l\000y}{chapter.6}% 194
\BOOKMARK [2][-]{subsection.6.3.1}{\376\377\000O\000r\000t\000h\000o\000g\000o\000n\000a\000l\000\040\000F\000a\000i\000l\000u\000r\000e\000\040\000M\000o\000d\000e\000\040\000C\000o\000v\000e\000r\000a\000g\000e}{section.6.3}% 195
\BOOKMARK [2][-]{subsection.6.3.2}{\376\377\000Q\000u\000a\000n\000t\000i\000t\000a\000t\000i\000v\000e\000\040\000E\000v\000i\000d\000e\000n\000c\000e\000\040\000o\000f\000\040\000S\000y\000n\000e\000r\000g\000y}{section.6.3}% 196
\BOOKMARK [1][-]{section.6.4}{\376\377\000W\000h\000y\000\040\000H\000a\000n\000d\000w\000r\000i\000t\000t\000e\000n\000\040\000C\000o\000r\000r\000e\000c\000t\000i\000o\000n\000\040\000D\000i\000f\000f\000e\000r\000s}{chapter.6}% 197
\BOOKMARK [2][-]{subsection.6.4.1}{\376\377\000T\000h\000e\000\040\000R\000o\000l\000e\000\040\000o\000f\000\040\000E\000r\000r\000o\000r\000\040\000T\000y\000p\000e}{section.6.4}% 198
\BOOKMARK [2][-]{subsection.6.4.2}{\376\377\000W\000h\000y\000\040\000Z\000e\000r\000o\000-\000S\000h\000o\000t\000\040\000C\000o\000r\000r\000e\000c\000t\000i\000o\000n\000\040\000P\000r\000o\000v\000i\000d\000e\000s\000\040\000L\000i\000m\000i\000t\000e\000d\000\040\000B\000e\000n\000e\000f\000i\000t\000\040\000o\000n\000\040\000K\000H\000A\000T\000T}{section.6.4}% 199
\BOOKMARK [2][-]{subsection.6.4.3}{\376\377\000W\000h\000a\000t\000\040\000C\000o\000u\000l\000d\000\040\000I\000m\000p\000r\000o\000v\000e\000\040\000K\000H\000A\000T\000T\000\040\000C\000o\000r\000r\000e\000c\000t\000i\000o\000n}{section.6.4}% 200
\BOOKMARK [1][-]{section.6.5}{\376\377\000I\000m\000p\000l\000i\000c\000a\000t\000i\000o\000n\000s\000\040\000f\000o\000r\000\040\000S\000y\000s\000t\000e\000m\000\040\000D\000e\000s\000i\000g\000n}{chapter.6}% 201
\BOOKMARK [2][-]{paragraph.6.5.0.0.1}{\376\377\000A\000p\000p\000l\000y\000\040\000c\000o\000r\000r\000e\000c\000t\000i\000o\000n\000\040\000s\000e\000l\000e\000c\000t\000i\000v\000e\000l\000y\000,\000\040\000n\000o\000t\000\040\000u\000n\000i\000v\000e\000r\000s\000a\000l\000l\000y\000.}{section.6.5}% 202
\BOOKMARK [3][-]{paragraph.6.5.0.0.2}{\376\377\000U\000s\000e\000\040\000t\000h\000e\000\040\000c\000o\000n\000f\000\137\000s\000e\000l\000f\000\040\000c\000o\000n\000f\000i\000g\000u\000r\000a\000t\000i\000o\000n\000\040\000a\000s\000\040\000t\000h\000e\000\040\000d\000e\000f\000a\000u\000l\000t\000.}{paragraph.6.5.0.0.1}% 203
\BOOKMARK [4][-]{paragraph.6.5.0.0.3}{\376\377\000A\000d\000d\000\040\000P\000h\000a\000s\000e\000\040\0005\000\040\000C\000A\000M\000e\000L\000\040\000p\000o\000s\000t\000-\000p\000r\000o\000c\000e\000s\000s\000i\000n\000g\000\040\000o\000n\000\040\000t\000y\000p\000e\000w\000r\000i\000t\000t\000e\000n\000\040\000t\000e\000x\000t\000\040\000o\000n\000l\000y\000.}{paragraph.6.5.0.0.2}% 204
\BOOKMARK [4][-]{paragraph.6.5.0.0.4}{\376\377\000C\000o\000m\000p\000u\000t\000e\000\040\000p\000e\000r\000-\000f\000o\000n\000t\000\040\000e\000v\000a\000l\000u\000a\000t\000i\000o\000n\000\040\000b\000e\000f\000o\000r\000e\000\040\000d\000e\000p\000l\000o\000y\000m\000e\000n\000t\000.}{paragraph.6.5.0.0.2}% 205
\BOOKMARK [4][-]{paragraph.6.5.0.0.5}{\376\377\000R\000e\000c\000a\000l\000i\000b\000r\000a\000t\000e\000\040\000s\000e\000l\000f\000-\000r\000e\000f\000l\000e\000c\000t\000i\000v\000e\000\040\000i\000n\000s\000i\000g\000h\000t\000s\000\040\000f\000o\000r\000\040\000n\000e\000w\000\040\000O\000C\000R\000\040\000e\000n\000g\000i\000n\000e\000s\000.}{paragraph.6.5.0.0.2}% 206
\BOOKMARK [4][-]{paragraph.6.5.0.0.6}{\376\377\000U\000s\000e\000\040\000t\000h\000e\000\040\000a\000l\000i\000g\000n\000e\000d\000\040\000s\000p\000l\000i\000t\000\040\000d\000e\000s\000i\000g\000n\000\040\000f\000o\000r\000\040\000f\000u\000t\000u\000r\000e\000\040\000m\000u\000l\000t\000i\000-\000f\000o\000n\000t\000\040\000s\000t\000u\000d\000i\000e\000s\000.}{paragraph.6.5.0.0.2}% 207
\BOOKMARK [1][-]{section.6.6}{\376\377\000L\000i\000m\000i\000t\000a\000t\000i\000o\000n\000s}{chapter.6}% 208
\BOOKMARK [2][-]{paragraph.6.6.0.0.1}{\376\377\000S\000i\000n\000g\000l\000e\000\040\000O\000C\000R\000\040\000e\000n\000g\000i\000n\000e\000\040\000\050\000Q\000a\000a\000r\000i\000\051\000.}{section.6.6}% 209
\BOOKMARK [3][-]{paragraph.6.6.0.0.2}{\376\377\000S\000i\000n\000g\000l\000e\000\040\000L\000L\000M\000\040\000\050\000Q\000w\000e\000n\0003\000-\0004\000B\000\051\000.}{paragraph.6.6.0.0.1}% 210
\BOOKMARK [4][-]{paragraph.6.6.0.0.3}{\376\377\000S\000i\000n\000g\000l\000e\000\040\000t\000e\000x\000t\000\040\000c\000o\000n\000t\000e\000n\000t\000\040\000\050\000P\000A\000T\000S\000-\000A\0000\0001\000\051\000.}{paragraph.6.6.0.0.2}% 211
\BOOKMARK [4][-]{paragraph.6.6.0.0.4}{\376\377\000T\000e\000x\000t\000-\000o\000n\000l\000y\000\040\000c\000o\000r\000r\000e\000c\000t\000i\000o\000n\000.}{paragraph.6.6.0.0.2}% 212
\BOOKMARK [4][-]{paragraph.6.6.0.0.5}{\376\377\000D\000i\000a\000c\000r\000i\000t\000i\000c\000\040\000s\000t\000r\000i\000p\000p\000i\000n\000g\000.}{paragraph.6.6.0.0.2}% 213
\BOOKMARK [4][-]{paragraph.6.6.0.0.6}{\376\377\000M\000o\000r\000p\000h\000o\000l\000o\000g\000i\000c\000a\000l\000\040\000d\000a\000t\000a\000b\000a\000s\000e\000\040\000c\000o\000v\000e\000r\000a\000g\000e\000.}{paragraph.6.6.0.0.2}% 214
\BOOKMARK [1][-]{section.6.7}{\376\377\000F\000u\000t\000u\000r\000e\000\040\000W\000o\000r\000k}{chapter.6}% 215
\BOOKMARK [2][-]{paragraph.6.7.0.0.1}{\376\377\000C\000h\000a\000r\000a\000c\000t\000e\000r\000i\000s\000e\000\040\000t\000h\000e\000\040\000t\000h\000r\000e\000s\000h\000o\000l\000d\000\040\000a\000c\000r\000o\000s\000s\000\040\000m\000o\000d\000e\000l\000s\000\040\000a\000n\000d\000\040\000e\000n\000g\000i\000n\000e\000s\000.}{section.6.7}% 216
\BOOKMARK [3][-]{paragraph.6.7.0.0.2}{\376\377\000F\000i\000n\000e\000-\000t\000u\000n\000e\000\040\000f\000o\000r\000\040\000c\000o\000n\000s\000e\000r\000v\000a\000t\000i\000v\000e\000\040\000O\000C\000R\000\040\000c\000o\000r\000r\000e\000c\000t\000i\000o\000n\000.}{paragraph.6.7.0.0.1}% 217
\BOOKMARK [4][-]{paragraph.6.7.0.0.3}{\376\377\000S\000c\000a\000l\000e\000\040\000t\000o\000\040\000l\000a\000r\000g\000e\000r\000\040\000a\000n\000d\000\040\000A\000r\000a\000b\000i\000c\000-\000s\000p\000e\000c\000i\000a\000l\000i\000s\000e\000d\000\040\000m\000o\000d\000e\000l\000s\000\040\000\050\000E\000x\000p\000e\000r\000i\000m\000e\000n\000t\000\040\0003\000\051\000.}{paragraph.6.7.0.0.2}% 218
\BOOKMARK [4][-]{paragraph.6.7.0.0.4}{\376\377\000M\000u\000l\000t\000i\000-\000m\000o\000d\000a\000l\000\040\000c\000o\000r\000r\000e\000c\000t\000i\000o\000n\000\040\000f\000o\000r\000\040\000h\000a\000n\000d\000w\000r\000i\000t\000t\000e\000n\000\040\000t\000e\000x\000t\000.}{paragraph.6.7.0.0.2}% 219
\BOOKMARK [4][-]{paragraph.6.7.0.0.5}{\376\377\000I\000m\000p\000r\000o\000v\000e\000d\000\040\000r\000e\000t\000r\000i\000e\000v\000a\000l\000\040\000f\000o\000r\000\040\000R\000A\000G\000-\000b\000a\000s\000e\000d\000\040\000c\000o\000r\000r\000e\000c\000t\000i\000o\000n\000.}{paragraph.6.7.0.0.2}% 220
\BOOKMARK [4][-]{paragraph.6.7.0.0.6}{\376\377\000C\000o\000n\000f\000i\000d\000e\000n\000c\000e\000-\000g\000u\000i\000d\000e\000d\000\040\000s\000e\000l\000e\000c\000t\000i\000v\000e\000\040\000c\000o\000r\000r\000e\000c\000t\000i\000o\000n\000.}{paragraph.6.7.0.0.2}% 221
\BOOKMARK [4][-]{paragraph.6.7.0.0.7}{\376\377\000E\000x\000t\000e\000n\000s\000i\000o\000n\000\040\000t\000o\000\040\000d\000i\000a\000l\000e\000c\000t\000a\000l\000\040\000A\000r\000a\000b\000i\000c\000.}{paragraph.6.7.0.0.2}% 222
\BOOKMARK [4][-]{paragraph.6.7.0.0.8}{\376\377\000C\000r\000o\000s\000s\000-\000e\000n\000g\000i\000n\000e\000\040\000c\000o\000m\000p\000a\000r\000i\000s\000o\000n\000\040\000a\000n\000d\000\040\000V\000L\000M\000\040\000O\000C\000R\000\040\000\050\000E\000x\000p\000e\000r\000i\000m\000e\000n\000t\000\040\0003\000\051\000.}{paragraph.6.7.0.0.2}% 223
\BOOKMARK [4][-]{paragraph.6.7.0.0.9}{\376\377\000A\000d\000v\000e\000r\000s\000a\000r\000i\000a\000l\000\040\000s\000t\000r\000e\000s\000s\000\040\000t\000e\000s\000t\000i\000n\000g\000.}{paragraph.6.7.0.0.2}% 224
\BOOKMARK [1][-]{section.6.8}{\376\377\000C\000o\000n\000c\000l\000u\000s\000i\000o\000n}{chapter.6}% 225
\BOOKMARK [0][-]{chapter*.33}{\376\377\000?\000?}{}% 226
\BOOKMARK [0][-]{appendix.1.A}{\376\377\000A\000p\000p\000e\000n\000d\000i\000x\000\040\000F\000u\000l\000l\000\040\000P\000r\000o\000m\000p\000t\000\040\000T\000e\000m\000p\000l\000a\000t\000e\000s}{}% 227
\BOOKMARK [0][-]{appendix.1.B}{\376\377\000A\000p\000p\000e\000n\000d\000i\000x\000\040\000P\000h\000a\000s\000e\000\040\0004\000\040\000S\000e\000l\000f\000-\000R\000e\000f\000l\000e\000c\000t\000i\000v\000e\000\040\000I\000n\000s\000i\000g\000h\000t\000s}{}% 228
\BOOKMARK [0][-]{appendix.1.C}{\376\377\000A\000p\000p\000e\000n\000d\000i\000x\000\040\000C\000o\000n\000f\000i\000g\000u\000r\000a\000t\000i\000o\000n\000\040\000F\000i\000l\000e\000s}{}% 229
\BOOKMARK [0][-]{appendix.1.D}{\376\377\000A\000p\000p\000e\000n\000d\000i\000x\000\040\000P\000A\000T\000S\000-\000A\0000\0001\000\040\000E\000r\000r\000o\000r\000\040\000E\000x\000a\000m\000p\000l\000e\000s}{}% 230
