\BOOKMARK [0][-]{Doc-Start}{\376\377\000D\000i\000s\000c\000l\000a\000i\000m\000e\000r}{}% 1
\BOOKMARK [0][-]{table.caption.1}{\376\377\000D\000e\000d\000i\000c\000a\000t\000i\000o\000n}{}% 2
\BOOKMARK [0][-]{table.caption.1}{\376\377\000A\000c\000k\000n\000o\000w\000l\000e\000d\000g\000e\000m\000e\000n\000t\000s}{}% 3
\BOOKMARK [0][-]{table.caption.1}{\376\377\000T\000a\000b\000l\000e\000\040\000o\000f\000\040\000C\000o\000n\000t\000e\000n\000t\000s}{}% 4
\BOOKMARK [0][-]{table.caption.1}{\376\377\000L\000i\000s\000t\000\040\000o\000f\000\040\000T\000a\000b\000l\000e\000s}{}% 5
\BOOKMARK [0][-]{table.caption.1}{\376\377\000L\000i\000s\000t\000\040\000o\000f\000\040\000F\000i\000g\000u\000r\000e\000s}{}% 6
\BOOKMARK [0][-]{table.caption.1}{\376\377\000L\000i\000s\000t\000\040\000o\000f\000\040\000S\000y\000m\000b\000o\000l\000s\000\040\000a\000n\000d\000\040\000A\000b\000b\000r\000e\000v\000i\000a\000t\000i\000o\000n\000s}{}% 7
\BOOKMARK [0][-]{table.0.1}{\376\377\000L\000i\000s\000t\000\040\000o\000f\000\040\000P\000u\000b\000l\000i\000c\000a\000t\000i\000o\000n\000s}{}% 8
\BOOKMARK [0][-]{Item.3}{\376\377\000A\000b\000s\000t\000r\000a\000c\000t}{}% 9
\BOOKMARK [0][-]{chapter.1}{\376\377\000I\000n\000t\000r\000o\000d\000u\000c\000t\000i\000o\000n}{}% 10
\BOOKMARK [1][-]{section.1.1}{\376\377\000S\000e\000c\000t\000i\000o\000n\000\040\000E\000x\000a\000m\000p\000l\000e}{chapter.1}% 11
\BOOKMARK [1][-]{section.1.2}{\376\377\000A\000n\000o\000t\000h\000e\000r\000\040\000S\000e\000c\000t\000i\000o\000n\000\040\000E\000x\000a\000m\000p\000l\000e}{chapter.1}% 12
\BOOKMARK [2][-]{subsection.1.2.1}{\376\377\000S\000u\000b\000-\000S\000e\000c\000t\000i\000o\000n\000\040\0001\000\040\000E\000x\000a\000m\000p\000l\000e}{section.1.2}% 13
\BOOKMARK [2][-]{subsection.1.2.2}{\376\377\000S\000u\000b\000-\000S\000e\000c\000t\000i\000o\000n\000\040\0002\000\040\000E\000x\000a\000m\000p\000l\000e}{section.1.2}% 14
\BOOKMARK [3][-]{subsubsection.1.2.2.1}{\376\377\000S\000u\000b\000-\000S\000u\000b\000-\000S\000e\000c\000t\000i\000o\000n\000\040\0001\000\040\000E\000x\000a\000m\000p\000l\000e}{subsection.1.2.2}% 15
\BOOKMARK [3][-]{subsubsection.1.2.2.2}{\376\377\000S\000u\000b\000-\000S\000u\000b\000-\000S\000e\000c\000t\000i\000o\000n\000\040\0002\000\040\000E\000x\000a\000m\000p\000l\000e}{subsection.1.2.2}% 16
\BOOKMARK [0][-]{chapter.2}{\376\377\000C\000h\000a\000p\000t\000e\000r\000\040\0002\000\040\000T\000i\000t\000l\000e}{}% 17
\BOOKMARK [0][-]{chapter.3}{\376\377\000C\000h\000a\000p\000t\000e\000r\000\040\0003\000\040\000T\000i\000t\000l\000e}{}% 18
\BOOKMARK [0][-]{chapter.4}{\376\377\000C\000h\000a\000p\000t\000e\000r\000\040\0004\000\040\000T\000i\000t\000l\000e}{}% 19
\BOOKMARK [0][-]{chapter.5}{\376\377\000C\000h\000a\000p\000t\000e\000r\000\040\0005\000\040\000T\000i\000t\000l\000e}{}% 20
\BOOKMARK [0][-]{chapter.6}{\376\377\000D\000i\000s\000c\000u\000s\000s\000i\000o\000n\000\040\000a\000n\000d\000\040\000C\000o\000n\000c\000l\000u\000s\000i\000o\000n}{}% 21
\BOOKMARK [1][-]{section.6.1}{\376\377\000C\000o\000n\000c\000l\000u\000s\000i\000o\000n}{chapter.6}% 22
\BOOKMARK [0][-]{chapter*.6}{\376\377\000R\000e\000f\000e\000r\000e\000n\000c\000e\000s}{}% 23
\BOOKMARK [0][-]{appendix.1.A}{\376\377\000A\000p\000p\000e\000n\000d\000i\000x\000\040\000A\000p\000p\000e\000n\000d\000i\000x\000\040\000A\000\040\000T\000i\000t\000l\000e}{}% 24
\BOOKMARK [0][-]{appendix.1.B}{\376\377\000A\000p\000p\000e\000n\000d\000i\000x\000\040\000A\000p\000p\000e\000n\000d\000i\000x\000\040\000B\000\040\000T\000i\000t\000l\000e}{}% 25
